[2022-05-06T13:40:03.984] [DEBUG] cheese - login => username:admin,password:123456
[2022-05-06T13:40:03.985] [DEBUG] cheese - admin
[2022-05-06T13:40:03.997] [DEBUG] cheese - null
[2022-05-06T13:40:03.998] [DEBUG] cheese - null
[2022-05-06T15:20:31.019] [DEBUG] cheese - login => username:admin,password:123456
[2022-05-06T15:20:31.019] [DEBUG] cheese - admin
[2022-05-06T15:20:31.021] [DEBUG] cheese - null
[2022-05-06T15:20:31.021] [DEBUG] cheese - null
[2022-07-07T15:20:11.888] [DEBUG] cheese - login => username:admin,password:123456
[2022-07-07T15:20:11.890] [DEBUG] cheese - admin
[2022-07-07T15:20:11.909] [DEBUG] cheese - { inspect: [Function: inspect] }
[2022-07-07T15:20:11.911] [DEBUG] cheese - 查询失败
[2022-07-07T15:20:13.983] [DEBUG] cheese - login => username:admin,password:123456
[2022-07-07T15:20:13.983] [DEBUG] cheese - admin
[2022-07-07T15:20:13.986] [DEBUG] cheese - { inspect: [Function: inspect] }
[2022-07-07T15:20:13.986] [DEBUG] cheese - 查询失败
[2022-07-07T15:20:14.685] [DEBUG] cheese - login => username:admin,password:123456
[2022-07-07T15:20:14.685] [DEBUG] cheese - admin
[2022-07-07T15:20:14.687] [DEBUG] cheese - { inspect: [Function: inspect] }
[2022-07-07T15:20:14.687] [DEBUG] cheese - 查询失败
[2022-07-07T15:20:14.915] [DEBUG] cheese - login => username:admin,password:123456
[2022-07-07T15:20:14.916] [DEBUG] cheese - admin
[2022-07-07T15:20:14.918] [DEBUG] cheese - { inspect: [Function: inspect] }
[2022-07-07T15:20:14.918] [DEBUG] cheese - 查询失败
[2022-07-07T15:20:15.135] [DEBUG] cheese - login => username:admin,password:123456
[2022-07-07T15:20:15.135] [DEBUG] cheese - admin
[2022-07-07T15:20:15.138] [DEBUG] cheese - { inspect: [Function: inspect] }
[2022-07-07T15:20:15.138] [DEBUG] cheese - 查询失败
[2022-07-07T15:20:15.581] [DEBUG] cheese - login => username:admin,password:123456
[2022-07-07T15:20:15.581] [DEBUG] cheese - admin
[2022-07-07T15:20:15.583] [DEBUG] cheese - { inspect: [Function: inspect] }
[2022-07-07T15:20:15.583] [DEBUG] cheese - 查询失败
[2022-07-07T15:20:20.916] [DEBUG] cheese - login => username:admin,password:123456
[2022-07-07T15:20:20.916] [DEBUG] cheese - admin
[2022-07-07T15:20:20.919] [DEBUG] cheese - { inspect: [Function: inspect] }
[2022-07-07T15:20:20.920] [DEBUG] cheese - 查询失败
[2022-07-07T15:21:02.881] [DEBUG] cheese - login => username:admin,password:123456
[2022-07-07T15:21:02.882] [DEBUG] cheese - admin
[2022-07-07T15:21:02.883] [DEBUG] cheese - { inspect: [Function: inspect] }
[2022-07-07T15:21:02.884] [DEBUG] cheese - 查询失败
[2022-07-07T15:21:12.727] [DEBUG] cheese - login => username:admin,password:123456
[2022-07-07T15:21:12.727] [DEBUG] cheese - admin
[2022-07-07T15:21:12.730] [DEBUG] cheese - { inspect: [Function: inspect] }
[2022-07-07T15:21:12.731] [DEBUG] cheese - 查询失败
[2022-07-07T15:21:21.302] [DEBUG] cheese - login => username:admin,password:123456
[2022-07-07T15:21:21.302] [DEBUG] cheese - admin
[2022-07-07T15:21:21.304] [DEBUG] cheese - { inspect: [Function: inspect] }
[2022-07-07T15:21:21.304] [DEBUG] cheese - 查询失败
[2022-07-07T15:21:31.783] [DEBUG] cheese - login => username:admin,password:123456
[2022-07-07T15:21:31.784] [DEBUG] cheese - admin
[2022-07-07T15:21:31.787] [DEBUG] cheese - { inspect: [Function: inspect] }
[2022-07-07T15:21:31.788] [DEBUG] cheese - 查询失败
[2022-07-07T15:21:32.475] [DEBUG] cheese - login => username:admin,password:123456
[2022-07-07T15:21:32.475] [DEBUG] cheese - admin
[2022-07-07T15:21:32.478] [DEBUG] cheese - { inspect: [Function: inspect] }
[2022-07-07T15:21:32.479] [DEBUG] cheese - 查询失败
[2022-07-07T15:21:33.317] [DEBUG] cheese - login => username:admin,password:123456
[2022-07-07T15:21:33.317] [DEBUG] cheese - admin
[2022-07-07T15:21:33.319] [DEBUG] cheese - { inspect: [Function: inspect] }
[2022-07-07T15:21:33.319] [DEBUG] cheese - 查询失败
[2022-07-07T15:22:05.484] [DEBUG] cheese - login => username:admin,password:123456
[2022-07-07T15:22:05.484] [DEBUG] cheese - admin
[2022-07-07T15:22:05.486] [DEBUG] cheese - { inspect: [Function: inspect] }
[2022-07-07T15:22:05.486] [DEBUG] cheese - 查询失败
[2022-07-07T15:23:02.793] [DEBUG] cheese - login => username:admin,password:123456
[2022-07-07T15:23:02.793] [DEBUG] cheese - admin
[2022-07-07T15:23:02.799] [DEBUG] cheese - null
[2022-07-07T15:23:02.799] [DEBUG] cheese - null
[2022-07-07T16:22:34.197] [DEBUG] cheese - login => username:admin,password:123456
[2022-07-07T16:22:34.199] [DEBUG] cheese - admin
[2022-07-07T16:22:34.216] [DEBUG] cheese - null
[2022-07-07T16:22:34.218] [DEBUG] cheese - null
[2022-07-07T18:23:15.029] [DEBUG] cheese - login => username:admin,password:123456
[2022-07-07T18:23:15.030] [DEBUG] cheese - admin
[2022-07-07T18:23:15.046] [DEBUG] cheese - null
[2022-07-07T18:23:15.047] [DEBUG] cheese - null
[2022-07-07T18:25:05.458] [DEBUG] cheese - login => username:admin,password:123456
[2022-07-07T18:25:05.458] [DEBUG] cheese - admin
[2022-07-07T18:25:05.463] [DEBUG] cheese - null
[2022-07-07T18:25:05.463] [DEBUG] cheese - null
